test/app/build/outputs/logs/manifest-merger-debug-report.txt
-- Merging decision tree log ---
manifest
ADDED from src/main/AndroidManifest.xml:2:1-53:12
	xmlns:android
		ADDED from src/main/AndroidManifest.xml:2:11-69
	package
		ADDED from src/main/AndroidManifest.xml:3:5-33
		INJECTED from src/main/AndroidManifest.xml
		INJECTED from src/main/AndroidManifest.xml
	android:versionName
		INJECTED from src/main/AndroidManifest.xml
		INJECTED from src/main/AndroidManifest.xml
	android:versionCode
		INJECTED from src/main/AndroidManifest.xml
		INJECTED from src/main/AndroidManifest.xml
application
ADDED from src/main/AndroidManifest.xml:5:5-51:19
MERGED from [com.android.support:appcompat-v7:23.1.1] AndroidManifest.xml:22:5-20
MERGED from [com.android.support:support-v4:23.1.1] AndroidManifest.xml:22:5-20
MERGED from [com.android.support:design:23.1.1] AndroidManifest.xml:22:5-20
MERGED from [com.android.support:appcompat-v7:23.1.1] AndroidManifest.xml:22:5-20
MERGED from [com.android.support:support-v4:23.1.1] AndroidManifest.xml:22:5-20
MERGED from [com.android.support:support-v4:23.1.1] AndroidManifest.xml:22:5-20
MERGED from [com.android.support:support-v4:23.1.1] AndroidManifest.xml:22:5-20
	android:supportsRtl
		ADDED from src/main/AndroidManifest.xml:9:9-35
	android:label
		ADDED from src/main/AndroidManifest.xml:8:9-41
	android:allowBackup
		ADDED from src/main/AndroidManifest.xml:6:9-35
	android:icon
		ADDED from src/main/AndroidManifest.xml:7:9-43
	android:theme
		ADDED from src/main/AndroidManifest.xml:10:9-40
activity#com.test.test.test.Home_page
ADDED from src/main/AndroidManifest.xml:11:9-21:20
	android:label
		ADDED from src/main/AndroidManifest.xml:13:13-45
	android:theme
		ADDED from src/main/AndroidManifest.xml:14:13-56
	android:name
		ADDED from src/main/AndroidManifest.xml:12:13-38
intent-filter#android.intent.action.MAIN+android.intent.category.LAUNCHER
ADDED from src/main/AndroidManifest.xml:15:13-19:29
action#android.intent.action.MAIN
ADDED from src/main/AndroidManifest.xml:16:17-69
	android:name
		ADDED from src/main/AndroidManifest.xml:16:25-66
category#android.intent.category.LAUNCHER
ADDED from src/main/AndroidManifest.xml:18:17-77
	android:name
		ADDED from src/main/AndroidManifest.xml:18:27-74
activity#com.test.test.test.loginSuccess
ADDED from src/main/AndroidManifest.xml:22:9-26:20
	android:label
		ADDED from src/main/AndroidManifest.xml:25:13-45
	class
		ADDED from src/main/AndroidManifest.xml:24:13-34
	android:name
		ADDED from src/main/AndroidManifest.xml:23:13-41
activity#com.test.test.test.page1
ADDED from src/main/AndroidManifest.xml:27:9-31:20
	android:label
		ADDED from src/main/AndroidManifest.xml:30:13-45
	class
		ADDED from src/main/AndroidManifest.xml:29:13-27
	android:name
		ADDED from src/main/AndroidManifest.xml:28:13-34
activity#com.test.test.test.Admin
ADDED from src/main/AndroidManifest.xml:33:9-37:20
	android:label
		ADDED from src/main/AndroidManifest.xml:36:13-45
	class
		ADDED from src/main/AndroidManifest.xml:35:13-27
	android:name
		ADDED from src/main/AndroidManifest.xml:34:13-34
activity#com.test.test.test.EditUser
ADDED from src/main/AndroidManifest.xml:38:9-42:20
	android:label
		ADDED from src/main/AndroidManifest.xml:41:13-45
	class
		ADDED from src/main/AndroidManifest.xml:40:13-30
	android:name
		ADDED from src/main/AndroidManifest.xml:39:13-37
activity#com.test.test.test.SignUp
ADDED from src/main/AndroidManifest.xml:44:9-48:20
	android:label
		ADDED from src/main/AndroidManifest.xml:47:13-45
	class
		ADDED from src/main/AndroidManifest.xml:46:13-28
	android:name
		ADDED from src/main/AndroidManifest.xml:45:13-35
service#com.test.test.test.MyService
ADDED from src/main/AndroidManifest.xml:49:9-46
	android:name
		ADDED from src/main/AndroidManifest.xml:49:18-43
uses-sdk
INJECTED from src/main/AndroidManifest.xml reason: use-sdk injection requested
MERGED from [com.android.support:appcompat-v7:23.1.1] AndroidManifest.xml:20:5-43
MERGED from [com.android.support:support-v4:23.1.1] AndroidManifest.xml:20:5-43
MERGED from [com.android.support:design:23.1.1] AndroidManifest.xml:20:5-43
MERGED from [com.android.support:appcompat-v7:23.1.1] AndroidManifest.xml:20:5-43
MERGED from [com.android.support:support-v4:23.1.1] AndroidManifest.xml:20:5-43
MERGED from [com.android.support:recyclerview-v7:23.1.1] AndroidManifest.xml:20:5-43
MERGED from [com.android.support:support-v4:23.1.1] AndroidManifest.xml:20:5-43
MERGED from [com.android.support:support-v4:23.1.1] AndroidManifest.xml:20:5-43
	android:targetSdkVersion
		INJECTED from src/main/AndroidManifest.xml
		INJECTED from src/main/AndroidManifest.xml
	android:minSdkVersion
		INJECTED from src/main/AndroidManifest.xml
		INJECTED from src/main/AndroidManifest.xml